-------------------------------------------------------------------------------
Test set: com.learn.pmapp.controller.ProjectControllerAllTest
-------------------------------------------------------------------------------
Tests run: 1, Failures: 1, Errors: 0, Skipped: 0, Time elapsed: 0.185 s <<< FAILURE! - in com.learn.pmapp.controller.ProjectControllerAllTest
getAllProjectsTest(com.learn.pmapp.controller.ProjectControllerAllTest)  Time elapsed: 0.184 s  <<< FAILURE!
java.lang.AssertionError
	at com.learn.pmapp.controller.ProjectControllerAllTest.getAllProjectsTest(ProjectControllerAllTest.java:34)

