<?xml version="1.0" encoding="UTF-8"?>
<testsuite xmlns:xsi="http://www.w3.org/2001/XMLSchema-instance" xsi:noNamespaceSchemaLocation="https://maven.apache.org/surefire/maven-surefire-plugin/xsd/surefire-test-report.xsd" name="com.learn.pmapp.controller.ParentTaskControllerAllTests" time="48.33" tests="2" errors="0" skipped="0" failures="2">
  <properties>
[...]
</properties>
  <testcase name="getAllParentTasks" classname="com.learn.pmapp.controller.ParentTaskControllerAllTests" time="0.422">
    <failure type="java.lang.AssertionError">java.lang.AssertionError
	at com.learn.pmapp.controller.ParentTaskControllerAllTests.getAllParentTasks(ParentTaskControllerAllTests.java:32)
</failure>
    <system-out><![CDATA[09:04:56.442 [main] DEBUG org.springframework.test.context.junit4.SpringJUnit4ClassRunner - SpringJUnit4ClassRunner constructor called with [class com.learn.pmapp.controller.ParentTaskControllerAllTests]
09:04:56.458 [main] DEBUG org.springframework.test.context.BootstrapUtils - Instantiating CacheAwareContextLoaderDelegate from class [org.springframework.test.context.cache.DefaultCacheAwareContextLoaderDelegate]
09:04:56.473 [main] DEBUG org.springframework.test.context.BootstrapUtils - Instantiating BootstrapContext using constructor [public org.springframework.test.context.support.DefaultBootstrapContext(java.lang.Class,org.springframework.test.context.CacheAwareContextLoaderDelegate)]
09:04:56.596 [main] DEBUG org.springframework.test.context.BootstrapUtils - Instantiating TestContextBootstrapper for test class [com.learn.pmapp.controller.ParentTaskControllerAllTests] from class [org.springframework.boot.test.context.SpringBootTestContextBootstrapper]
09:04:56.620 [main] INFO org.springframework.boot.test.context.SpringBootTestContextBootstrapper - Neither @ContextConfiguration nor @ContextHierarchy found for test class [com.learn.pmapp.controller.ParentTaskControllerAllTests], using SpringBootContextLoader
09:04:56.626 [main] DEBUG org.springframework.test.context.support.AbstractContextLoader - Did not detect default resource location for test class [com.learn.pmapp.controller.ParentTaskControllerAllTests]: class path resource [com/learn/pmapp/controller/ParentTaskControllerAllTests-context.xml] does not exist
09:04:56.626 [main] DEBUG org.springframework.test.context.support.AbstractContextLoader - Did not detect default resource location for test class [com.learn.pmapp.controller.ParentTaskControllerAllTests]: class path resource [com/learn/pmapp/controller/ParentTaskControllerAllTestsContext.groovy] does not exist
09:04:56.626 [main] INFO org.springframework.test.context.support.AbstractContextLoader - Could not detect default resource locations for test class [com.learn.pmapp.controller.ParentTaskControllerAllTests]: no resource found for suffixes {-context.xml, Context.groovy}.
09:04:56.852 [main] DEBUG org.springframework.test.context.support.ActiveProfilesUtils - Could not find an 'annotation declaring class' for annotation type [org.springframework.test.context.ActiveProfiles] and class [com.learn.pmapp.controller.ParentTaskControllerAllTests]
09:04:57.264 [main] DEBUG org.springframework.boot.test.context.SpringBootTestContextBootstrapper - @TestExecutionListeners is not present for class [com.learn.pmapp.controller.ParentTaskControllerAllTests]: using defaults.
09:04:57.265 [main] INFO org.springframework.boot.test.context.SpringBootTestContextBootstrapper - Loaded default TestExecutionListener class names from location [META-INF/spring.factories]: [org.springframework.boot.test.mock.mockito.MockitoTestExecutionListener, org.springframework.boot.test.mock.mockito.ResetMocksTestExecutionListener, org.springframework.boot.test.autoconfigure.restdocs.RestDocsTestExecutionListener, org.springframework.boot.test.autoconfigure.web.client.MockRestServiceServerResetTestExecutionListener, org.springframework.boot.test.autoconfigure.web.servlet.MockMvcPrintOnlyOnFailureTestExecutionListener, org.springframework.boot.test.autoconfigure.web.servlet.WebDriverTestExecutionListener, org.springframework.test.context.web.ServletTestExecutionListener, org.springframework.test.context.support.DirtiesContextBeforeModesTestExecutionListener, org.springframework.test.context.support.DependencyInjectionTestExecutionListener, org.springframework.test.context.support.DirtiesContextTestExecutionListener, org.springframework.test.context.transaction.TransactionalTestExecutionListener, org.springframework.test.context.jdbc.SqlScriptsTestExecutionListener]
09:04:57.384 [main] INFO org.springframework.boot.test.context.SpringBootTestContextBootstrapper - Using TestExecutionListeners: [org.springframework.test.context.web.ServletTestExecutionListener@747ddf94, org.springframework.test.context.support.DirtiesContextBeforeModesTestExecutionListener@35e2d654, org.springframework.boot.test.mock.mockito.MockitoTestExecutionListener@1bd4fdd, org.springframework.boot.test.autoconfigure.SpringBootDependencyInjectionTestExecutionListener@55183b20, org.springframework.test.context.support.DirtiesContextTestExecutionListener@4f83df68, org.springframework.test.context.transaction.TransactionalTestExecutionListener@6cf0e0ba, org.springframework.test.context.jdbc.SqlScriptsTestExecutionListener@7d8995e, org.springframework.boot.test.mock.mockito.ResetMocksTestExecutionListener@130d63be, org.springframework.boot.test.autoconfigure.restdocs.RestDocsTestExecutionListener@42a48628, org.springframework.boot.test.autoconfigure.web.client.MockRestServiceServerResetTestExecutionListener@293a5bf6, org.springframework.boot.test.autoconfigure.web.servlet.MockMvcPrintOnlyOnFailureTestExecutionListener@6aeb35e6, org.springframework.boot.test.autoconfigure.web.servlet.WebDriverTestExecutionListener@1283bb96]
09:04:57.388 [main] DEBUG org.springframework.test.annotation.ProfileValueUtils - Retrieved @ProfileValueSourceConfiguration [null] for test class [com.learn.pmapp.controller.ParentTaskControllerAllTests]
09:04:57.389 [main] DEBUG org.springframework.test.annotation.ProfileValueUtils - Retrieved ProfileValueSource type [class org.springframework.test.annotation.SystemProfileValueSource] for class [com.learn.pmapp.controller.ParentTaskControllerAllTests]
09:04:57.392 [main] DEBUG org.springframework.test.annotation.ProfileValueUtils - Retrieved @ProfileValueSourceConfiguration [null] for test class [com.learn.pmapp.controller.ParentTaskControllerAllTests]
09:04:57.395 [main] DEBUG org.springframework.test.annotation.ProfileValueUtils - Retrieved ProfileValueSource type [class org.springframework.test.annotation.SystemProfileValueSource] for class [com.learn.pmapp.controller.ParentTaskControllerAllTests]
09:04:57.395 [main] DEBUG org.springframework.test.annotation.ProfileValueUtils - Retrieved @ProfileValueSourceConfiguration [null] for test class [com.learn.pmapp.controller.ParentTaskControllerAllTests]
09:04:57.396 [main] DEBUG org.springframework.test.annotation.ProfileValueUtils - Retrieved ProfileValueSource type [class org.springframework.test.annotation.SystemProfileValueSource] for class [com.learn.pmapp.controller.ParentTaskControllerAllTests]
09:04:57.405 [main] DEBUG org.springframework.test.context.support.AbstractDirtiesContextTestExecutionListener - Before test class: context [DefaultTestContext@48f2bd5b testClass = ParentTaskControllerAllTests, testInstance = [null], testMethod = [null], testException = [null], mergedContextConfiguration = [WebMergedContextConfiguration@7b2bbc3 testClass = ParentTaskControllerAllTests, locations = '{}', classes = '{class com.learn.pmapp.ProjManageApplication, class com.learn.pmapp.ProjManageApplication}', contextInitializerClasses = '[]', activeProfiles = '{}', propertySourceLocations = '{}', propertySourceProperties = '{org.springframework.boot.test.context.SpringBootTestContextBootstrapper=true}', contextCustomizers = set[org.springframework.boot.test.context.filter.ExcludeFilterContextCustomizer@1068e947, org.springframework.boot.test.json.DuplicateJsonObjectContextCustomizerFactory$DuplicateJsonObjectContextCustomizer@5fcd892a, org.springframework.boot.test.mock.mockito.MockitoContextCustomizer@0, org.springframework.boot.test.web.client.TestRestTemplateContextCustomizer@60438a68, org.springframework.boot.test.autoconfigure.properties.PropertyMappingContextCustomizer@0, org.springframework.boot.test.autoconfigure.web.servlet.WebDriverContextCustomizerFactory$Customizer@77a57272, org.springframework.test.context.web.socket.MockServerContainerContextCustomizer@6e2c9341], resourceBasePath = 'src/main/webapp', contextLoader = 'org.springframework.boot.test.context.SpringBootContextLoader', parent = [null]], attributes = map['org.springframework.test.context.web.ServletTestExecutionListener.activateListener' -> true]], class annotated with @DirtiesContext [false] with mode [null].
09:04:57.406 [main] DEBUG org.springframework.test.annotation.ProfileValueUtils - Retrieved @ProfileValueSourceConfiguration [null] for test class [com.learn.pmapp.controller.ParentTaskControllerAllTests]
09:04:57.407 [main] DEBUG org.springframework.test.annotation.ProfileValueUtils - Retrieved ProfileValueSource type [class org.springframework.test.annotation.SystemProfileValueSource] for class [com.learn.pmapp.controller.ParentTaskControllerAllTests]
09:04:57.504 [main] DEBUG org.springframework.test.context.support.TestPropertySourceUtils - Adding inlined properties to environment: {spring.jmx.enabled=false, org.springframework.boot.test.context.SpringBootTestContextBootstrapper=true, server.port=-1}

  .   ____          _            __ _ _
 /\\ / ___'_ __ _ _(_)_ __  __ _ \ \ \ \
( ( )\___ | '_ | '_| | '_ \/ _` | \ \ \ \
 \\/  ___)| |_)| | | | | || (_| |  ) ) ) )
  '  |____| .__|_| |_|_| |_\__, | / / / /
 =========|_|==============|___/=/_/_/_/
 :: Spring Boot ::        (v2.1.2.RELEASE)

2019-02-04 09:05:00.354  INFO 103588 --- [           main] c.l.p.c.ParentTaskControllerAllTests     : Starting ParentTaskControllerAllTests on Javafs with PID 103588 (started by Admin in C:\Users\Admin\Desktop\FSD_PROJECT\pmappservice\pmappservice)
2019-02-04 09:05:00.354  INFO 103588 --- [           main] c.l.p.c.ParentTaskControllerAllTests     : No active profile set, falling back to default profiles: default
2019-02-04 09:05:04.510  INFO 103588 --- [           main] .s.d.r.c.RepositoryConfigurationDelegate : Bootstrapping Spring Data repositories in DEFAULT mode.
2019-02-04 09:05:05.361  INFO 103588 --- [           main] .s.d.r.c.RepositoryConfigurationDelegate : Finished Spring Data repository scanning in 835ms. Found 5 repository interfaces.
2019-02-04 09:05:08.282  INFO 103588 --- [           main] trationDelegate$BeanPostProcessorChecker : Bean 'org.springframework.transaction.annotation.ProxyTransactionManagementConfiguration' of type [org.springframework.transaction.annotation.ProxyTransactionManagementConfiguration$$EnhancerBySpringCGLIB$$eca9cbe] is not eligible for getting processed by all BeanPostProcessors (for example: not eligible for auto-proxying)
2019-02-04 09:05:09.446  INFO 103588 --- [           main] com.zaxxer.hikari.HikariDataSource       : HikariPool-1 - Starting...
2019-02-04 09:05:10.311  INFO 103588 --- [           main] com.zaxxer.hikari.HikariDataSource       : HikariPool-1 - Start completed.
2019-02-04 09:05:10.468  INFO 103588 --- [           main] o.hibernate.jpa.internal.util.LogHelper  : HHH000204: Processing PersistenceUnitInfo [
	name: default
	...]
2019-02-04 09:05:10.618  INFO 103588 --- [           main] org.hibernate.Version                    : HHH000412: Hibernate Core {5.3.7.Final}
2019-02-04 09:05:10.633  INFO 103588 --- [           main] org.hibernate.cfg.Environment            : HHH000206: hibernate.properties not found
2019-02-04 09:05:11.227  INFO 103588 --- [           main] o.hibernate.annotations.common.Version   : HCANN000001: Hibernate Commons Annotations {5.0.4.Final}
2019-02-04 09:05:11.916  INFO 103588 --- [           main] org.hibernate.dialect.Dialect            : HHH000400: Using dialect: org.hibernate.dialect.MySQL5Dialect
2019-02-04 09:05:14.404 DEBUG 103588 --- [           main] org.hibernate.SQL                        : alter table pmapp.project add column user_id integer
Hibernate: alter table pmapp.project add column user_id integer
2019-02-04 09:05:14.704 DEBUG 103588 --- [           main] org.hibernate.SQL                        : alter table project add constraint FKnwfgj6u5sb5b0voc25qycicb9 foreign key (user_id) references project_user (user_id)
Hibernate: alter table project add constraint FKnwfgj6u5sb5b0voc25qycicb9 foreign key (user_id) references project_user (user_id)
2019-02-04 09:05:15.016 DEBUG 103588 --- [           main] org.hibernate.SQL                        : alter table user_project_task add constraint FK4fsl0k3xap2ytm2170e1curm5 foreign key (project_id) references project (project_id)
Hibernate: alter table user_project_task add constraint FK4fsl0k3xap2ytm2170e1curm5 foreign key (project_id) references project (project_id)
2019-02-04 09:05:15.063 DEBUG 103588 --- [           main] org.hibernate.SQL                        : alter table user_project_task add constraint FKbdfgrd5fd349hrcojclqbtbg7 foreign key (user_id) references project_user (user_id)
Hibernate: alter table user_project_task add constraint FKbdfgrd5fd349hrcojclqbtbg7 foreign key (user_id) references project_user (user_id)
2019-02-04 09:05:15.094 DEBUG 103588 --- [           main] org.hibernate.SQL                        : alter table user_project_task add constraint FKi84vbu6ytr5loon6i568lioxd foreign key (task_id) references tasks (task_id)
Hibernate: alter table user_project_task add constraint FKi84vbu6ytr5loon6i568lioxd foreign key (task_id) references tasks (task_id)
2019-02-04 09:05:15.125  INFO 103588 --- [           main] o.h.h.i.QueryTranslatorFactoryInitiator  : HHH000397: Using ASTQueryTranslatorFactory
2019-02-04 09:05:15.392  INFO 103588 --- [           main] j.LocalContainerEntityManagerFactoryBean : Initialized JPA EntityManagerFactory for persistence unit 'default'
2019-02-04 09:05:22.681  INFO 103588 --- [           main] o.s.s.concurrent.ThreadPoolTaskExecutor  : Initializing ExecutorService 'applicationTaskExecutor'
2019-02-04 09:05:22.884  WARN 103588 --- [           main] aWebConfiguration$JpaWebMvcConfiguration : spring.jpa.open-in-view is enabled by default. Therefore, database queries may be performed during view rendering. Explicitly configure spring.jpa.open-in-view to disable this warning
2019-02-04 09:05:42.381  INFO 103588 --- [           main] o.s.b.a.e.web.EndpointLinksResolver      : Exposing 2 endpoint(s) beneath base path '/actuator'
2019-02-04 09:05:43.178  INFO 103588 --- [           main] c.l.p.c.ParentTaskControllerAllTests     : Started ParentTaskControllerAllTests in 45.049 seconds (JVM running for 47.625)
2019-02-04 09:05:43.364  INFO 103588 --- [           main] o.s.b.t.m.w.SpringBootMockServletContext : Initializing Spring TestDispatcherServlet ''
2019-02-04 09:05:43.364  INFO 103588 --- [           main] o.s.t.web.servlet.TestDispatcherServlet  : Initializing Servlet ''
2019-02-04 09:05:43.379  INFO 103588 --- [           main] o.s.t.web.servlet.TestDispatcherServlet  : Completed initialization in 15 ms
2019-02-04 09:05:43.739 DEBUG 103588 --- [           main] org.hibernate.SQL                        : select parenttask0_.parent_id as parent_i1_0_, parenttask0_.parent_desc as parent_d2_0_ from parent_task parenttask0_
Hibernate: select parenttask0_.parent_id as parent_i1_0_, parenttask0_.parent_desc as parent_d2_0_ from parent_task parenttask0_
]]></system-out>
  </testcase>
  <testcase name="getAllProjectsTest" classname="com.learn.pmapp.controller.ParentTaskControllerAllTests" time="0.047">
    <failure type="java.lang.AssertionError">java.lang.AssertionError
</failure>
    <system-out><![CDATA[2019-02-04 09:05:44.317  INFO 103588 --- [           main] o.s.b.t.m.w.SpringBootMockServletContext : Initializing Spring TestDispatcherServlet ''
2019-02-04 09:05:44.317  INFO 103588 --- [           main] o.s.t.web.servlet.TestDispatcherServlet  : Initializing Servlet ''
2019-02-04 09:05:44.317  INFO 103588 --- [           main] o.s.t.web.servlet.TestDispatcherServlet  : Completed initialization in 0 ms
2019-02-04 09:05:44.317 DEBUG 103588 --- [           main] org.hibernate.SQL                        : select project0_.project_id as project_1_1_, project0_.end_date as end_date2_1_, project0_.priority_id as priority3_1_, project0_.project_desc as project_4_1_, project0_.user_id as user_id6_1_, project0_.start_date as start_da5_1_ from project project0_
Hibernate: select project0_.project_id as project_1_1_, project0_.end_date as end_date2_1_, project0_.priority_id as priority3_1_, project0_.project_desc as project_4_1_, project0_.user_id as user_id6_1_, project0_.start_date as start_da5_1_ from project project0_
]]></system-out>
  </testcase>
</testsuite>